  ofApp.cpp
C:\of_v0.9.4_vs_release\libs\openFrameworks\math\ofMatrix4x4.h(320): warning C4267: 'argument': conversion from 'size_t' to 'int', possible loss of data
C:\of_v0.9.4_vs_release\libs\openFrameworks\math\ofMatrix4x4.h(325): warning C4267: 'argument': conversion from 'size_t' to 'int', possible loss of data
C:\of_v0.9.4_vs_release\libs\openFrameworks\math\ofMatrix4x4.h(969): warning C4267: 'argument': conversion from 'size_t' to 'int', possible loss of data
C:\of_v0.9.4_vs_release\libs\openFrameworks\math\ofMatrix4x4.h(970): warning C4267: 'argument': conversion from 'size_t' to 'int', possible loss of data
C:\of_v0.9.4_vs_release\libs\openFrameworks\math\ofMatrix4x4.h(971): warning C4267: 'argument': conversion from 'size_t' to 'int', possible loss of data
C:\of_v0.9.4_vs_release\libs\openFrameworks\math\ofMatrix4x4.h(972): warning C4267: 'argument': conversion from 'size_t' to 'int', possible loss of data
c:\of_v0.9.4_vs_release\addons\ofxdatgui\src\components\ofxDatGuiTextInputField.h(162): warning C4267: 'argument': conversion from 'size_t' to 'int', possible loss of data
c:\of_v0.9.4_vs_release\addons\ofxdatgui\src\components\ofxDatGuiSlider.h(140): warning C4267: 'initializing': conversion from 'size_t' to 'int', possible loss of data
c:\of_v0.9.4_vs_release\addons\ofxdatgui\src\components\ofxDatGuiSlider.h(141): warning C4267: '=': conversion from 'size_t' to 'int', possible loss of data
c:\of_v0.9.4_vs_release\addons\ofxdatgui\src\components\ofxDatGuiSlider.h(343): warning C4267: 'initializing': conversion from 'size_t' to 'int', possible loss of data
c:\of_v0.9.4_vs_release\addons\ofxdatgui\src\components\ofxDatGuiSlider.h(346): warning C4267: '=': conversion from 'size_t' to 'int', possible loss of data
c:\of_v0.9.4_vs_release\addons\ofxdatgui\src\components\ofxDatGuiScrollView.h(160): warning C4267: 'return': conversion from 'size_t' to 'int', possible loss of data
C:\of_v0.9.4_vs_release\addons\ofxDatGui\src\components\ofxDatGuiGroups.h(390): warning C4267: 'argument': conversion from 'size_t' to 'int', possible loss of data
C:\of_v0.9.4_vs_release\addons\ofxDatGui\src\components\ofxDatGuiGroups.h(449): warning C4267: 'argument': conversion from 'size_t' to 'int', possible loss of data
C:\of_v0.9.4_vs_release\addons\ofxDatGui\src\components\ofxDatGuiGroups.h(485): warning C4267: 'return': conversion from 'size_t' to 'int', possible loss of data
src\ofApp.cpp(44): warning C4267: 'initializing': conversion from 'size_t' to 'int', possible loss of data
src\ofApp.cpp(1189): warning C4267: 'argument': conversion from 'size_t' to 'ofIndexType', possible loss of data
src\ofApp.cpp(1220): warning C4267: 'argument': conversion from 'size_t' to 'ofIndexType', possible loss of data
src\ofApp.cpp(1251): warning C4267: 'argument': conversion from 'size_t' to 'ofIndexType', possible loss of data
C:\of_v0.9.4_vs_release\addons\ofxCv\libs\ofxCv\include\ofxCv/Tracker.h(166): warning C4267: 'initializing': conversion from 'size_t' to 'int', possible loss of data
  C:\of_v0.9.4_vs_release\addons\ofxCv\libs\ofxCv\include\ofxCv/Tracker.h(164): note: while compiling class template member function 'const std::vector<ofIndexType,std::allocator<_Ty>> &ofxCv::Tracker<cv::Rect>::track(const std::vector<cv::Rect,std::allocator<cv::Rect_<int>>> &)'
          with
          [
              _Ty=ofIndexType
          ]
  C:\of_v0.9.4_vs_release\addons\ofxCv\libs\ofxCv\include\ofxCv/Tracker.h(322): note: see reference to function template instantiation 'const std::vector<ofIndexType,std::allocator<_Ty>> &ofxCv::Tracker<cv::Rect>::track(const std::vector<cv::Rect,std::allocator<cv::Rect_<int>>> &)' being compiled
          with
          [
              _Ty=ofIndexType
          ]
  C:\of_v0.9.4_vs_release\addons\ofxCv\libs\ofxCv\include\ofxCv/Tracker.h(307): note: see reference to class template instantiation 'ofxCv::Tracker<cv::Rect>' being compiled
C:\of_v0.9.4_vs_release\addons\ofxCv\libs\ofxCv\include\ofxCv/Tracker.h(167): warning C4267: 'initializing': conversion from 'size_t' to 'int', possible loss of data
C:\of_v0.9.4_vs_release\addons\ofxCv\libs\ofxCv\include\ofxCv/Tracker.h(200): warning C4267: 'initializing': conversion from 'size_t' to 'int', possible loss of data
C:\of_v0.9.4_vs_release\addons\ofxCv\libs\ofxCv\include\ofxCv/Tracker.h(212): warning C4267: 'initializing': conversion from 'size_t' to 'int', possible loss of data
  ofGraphicApp.vcxproj -> C:\of_v0.9.4_vs_release\apps\ofGraphicApp\bin\ofGraphicApp_debug.exe
  
  	                   9	C:\of_v0.9.4_vs_release\export\vs\x64\
  	  *Archivo EXTRA		 1266176	C:\of_v0.9.4_vs_release\apps\ofGraphicApp\bin\fmodex.dll
  	  *Archivo EXTRA		 1312768	C:\of_v0.9.4_vs_release\apps\ofGraphicApp\bin\fmodexL.dll
