c:\of_v0.9.4_vs_release\apps\ofgraphicapp\obj\release\main.obj
c:\of_v0.9.4_vs_release\apps\ofgraphicapp\obj\release\contourfinder.obj
c:\of_v0.9.4_vs_release\apps\ofgraphicapp\obj\release\objectfinder.obj
c:\of_v0.9.4_vs_release\apps\ofgraphicapp\obj\release\wrappers.obj
c:\of_v0.9.4_vs_release\apps\ofgraphicapp\obj\release\delaunay.obj
c:\of_v0.9.4_vs_release\apps\ofgraphicapp\obj\release\src_colors.obj
c:\of_v0.9.4_vs_release\apps\ofgraphicapp\obj\release\svgtiny_list.obj
c:\of_v0.9.4_vs_release\apps\ofgraphicapp\obj\release\ofxcvgrayscaleimage.obj
c:\of_v0.9.4_vs_release\apps\ofgraphicapp\obj\release\ofxxmlsettings.obj
c:\of_v0.9.4_vs_release\apps\ofgraphicapp\obj\release\ofapp.obj
c:\of_v0.9.4_vs_release\apps\ofgraphicapp\obj\release\helpers.obj
c:\of_v0.9.4_vs_release\apps\ofgraphicapp\obj\release\tracker.obj
c:\of_v0.9.4_vs_release\apps\ofgraphicapp\obj\release\ofxsmartfont.obj
c:\of_v0.9.4_vs_release\apps\ofgraphicapp\obj\release\ofxdelaunay.obj
c:\of_v0.9.4_vs_release\apps\ofgraphicapp\obj\release\svgtiny.obj
c:\of_v0.9.4_vs_release\apps\ofgraphicapp\obj\release\ofxcvfloatimage.obj
c:\of_v0.9.4_vs_release\apps\ofgraphicapp\obj\release\ofxcvshortimage.obj
c:\of_v0.9.4_vs_release\apps\ofgraphicapp\obj\release\etf.obj
c:\of_v0.9.4_vs_release\apps\ofgraphicapp\obj\release\fdog.obj
c:\of_v0.9.4_vs_release\apps\ofgraphicapp\obj\release\distance.obj
c:\of_v0.9.4_vs_release\apps\ofgraphicapp\obj\release\flow.obj
c:\of_v0.9.4_vs_release\apps\ofgraphicapp\obj\release\runningbackground.obj
c:\of_v0.9.4_vs_release\apps\ofgraphicapp\obj\release\ofxdatguicomponent.obj
c:\of_v0.9.4_vs_release\apps\ofgraphicapp\obj\release\ofxeditablesvg.obj
c:\of_v0.9.4_vs_release\apps\ofgraphicapp\obj\release\ofxcvcolorimage.obj
c:\of_v0.9.4_vs_release\apps\ofgraphicapp\obj\release\ofxcvhaarfinder.obj
c:\of_v0.9.4_vs_release\apps\ofgraphicapp\obj\release\tinyxml.obj
c:\of_v0.9.4_vs_release\apps\ofgraphicapp\obj\release\tinyxmlerror.obj
c:\of_v0.9.4_vs_release\apps\ofgraphicapp\obj\release\tinyxmlparser.obj
c:\of_v0.9.4_vs_release\apps\ofgraphicapp\obj\release\engine.obj
c:\of_v0.9.4_vs_release\apps\ofgraphicapp\obj\release\calibration.obj
c:\of_v0.9.4_vs_release\apps\ofgraphicapp\obj\release\kalman.obj
c:\of_v0.9.4_vs_release\apps\ofgraphicapp\obj\release\utilities.obj
c:\of_v0.9.4_vs_release\apps\ofgraphicapp\obj\release\ofxdatgui.obj
c:\of_v0.9.4_vs_release\apps\ofgraphicapp\obj\release\svgtiny_gradient.obj
c:\of_v0.9.4_vs_release\apps\ofgraphicapp\obj\release\ofxcvcontourfinder.obj
c:\of_v0.9.4_vs_release\apps\ofgraphicapp\obj\release\ofxcvimage.obj
c:\of_v0.9.4_vs_release\apps\ofgraphicapp\obj\release\vc140.pdb
c:\of_v0.9.4_vs_release\apps\ofgraphicapp\bin\ofgraphicapp.exe
c:\of_v0.9.4_vs_release\apps\ofgraphicapp\bin\ofgraphicapp.lib
c:\of_v0.9.4_vs_release\apps\ofgraphicapp\bin\ofgraphicapp.exp
c:\of_v0.9.4_vs_release\apps\ofgraphicapp\obj\release\icon.res
c:\of_v0.9.4_vs_release\apps\ofgraphicapp\obj\release\ofgraphicapp.tlog\cl.command.1.tlog
c:\of_v0.9.4_vs_release\apps\ofgraphicapp\obj\release\ofgraphicapp.tlog\cl.read.1.tlog
c:\of_v0.9.4_vs_release\apps\ofgraphicapp\obj\release\ofgraphicapp.tlog\cl.write.1.tlog
c:\of_v0.9.4_vs_release\apps\ofgraphicapp\obj\release\ofgraphicapp.tlog\link.command.1.tlog
c:\of_v0.9.4_vs_release\apps\ofgraphicapp\obj\release\ofgraphicapp.tlog\link.read.1.tlog
c:\of_v0.9.4_vs_release\apps\ofgraphicapp\obj\release\ofgraphicapp.tlog\link.write.1.tlog
c:\of_v0.9.4_vs_release\apps\ofgraphicapp\obj\release\ofgraphicapp.tlog\ofgraphicapp.write.1u.tlog
c:\of_v0.9.4_vs_release\apps\ofgraphicapp\obj\release\ofgraphicapp.tlog\rc.command.1.tlog
c:\of_v0.9.4_vs_release\apps\ofgraphicapp\obj\release\ofgraphicapp.tlog\rc.read.1.tlog
c:\of_v0.9.4_vs_release\apps\ofgraphicapp\obj\release\ofgraphicapp.tlog\rc.write.1.tlog
